=== 开始备份: 2026-01-16 19:37:10 ===
📦 备份配置文件...
📦 备份配置文件...
✅ 配置文件备份完成
✅ 没有变化，跳过提交
=== 开始备份: 2026-02-13 02:00:00 ===
📦 备份配置文件...
📦 备份配置文件...
✅ 配置文件备份完成
[main b409d85] auto-backup: 2026-02-13 02:00:00
 5 files changed, 28 insertions(+), 7 deletions(-)
 create mode 100644 .DS_Store
Connection closed by 198.18.1.57 port 22
fatal: Could not read from remote repository.

Please make sure you have the correct access rights
and the repository exists.
✅ 备份完成: 2026-02-13 02:00:00

=== 开始备份: 2026-02-14 02:00:01 ===
📦 备份配置文件...
📦 备份配置文件...
✅ 配置文件备份完成
warning: in the working copy of 'backup.log', CRLF will be replaced by LF the next time Git touches it
[main 3762830] auto-backup: 2026-02-14 02:00:01
 3 files changed, 20 insertions(+), 1 deletion(-)
Connection closed by 198.18.1.57 port 22
fatal: Could not read from remote repository.

Please make sure you have the correct access rights
and the repository exists.
✅ 备份完成: 2026-02-14 02:00:01

=== 开始备份: 2026-02-17 02:00:00 ===
📦 备份配置文件...
📦 备份配置文件...
✅ 配置文件备份完成
warning: in the working copy of 'backup.log', CRLF will be replaced by LF the next time Git touches it
[main 8d6f5c5] auto-backup: 2026-02-17 02:00:00
 2 files changed, 15 insertions(+), 1 deletion(-)
To github.com:wcy8822/auto-backup.git
   5aa0c92..8d6f5c5  main -> main
✅ 备份完成: 2026-02-17 02:00:00

=== 开始备份: 2026-02-18 02:00:01 ===
📦 备份配置文件...
📦 备份配置文件...
✅ 配置文件备份完成
warning: in the working copy of 'backup.log', CRLF will be replaced by LF the next time Git touches it
[main c459ec6] auto-backup: 2026-02-18 02:00:01
 1 file changed, 11 insertions(+)
To github.com:wcy8822/auto-backup.git
   8d6f5c5..c459ec6  main -> main
✅ 备份完成: 2026-02-18 02:00:01

=== 开始备份: 2026-02-19 02:00:00 ===
📦 备份配置文件...
📦 备份配置文件...
✅ 配置文件备份完成
warning: in the working copy of 'backup.log', CRLF will be replaced by LF the next time Git touches it
[main 49c3b7b] auto-backup: 2026-02-19 02:00:00
 1 file changed, 11 insertions(+)
To github.com:wcy8822/auto-backup.git
   c459ec6..49c3b7b  main -> main
✅ 备份完成: 2026-02-19 02:00:00

=== 开始备份: 2026-02-20 02:00:00 ===
📦 备份配置文件...
📦 备份配置文件...
✅ 配置文件备份完成
warning: in the working copy of 'backup.log', CRLF will be replaced by LF the next time Git touches it
[main 604f0c1] auto-backup: 2026-02-20 02:00:00
 1 file changed, 11 insertions(+)
To github.com:wcy8822/auto-backup.git
   49c3b7b..604f0c1  main -> main
✅ 备份完成: 2026-02-20 02:00:00

=== 开始备份: 2026-02-21 02:00:00 ===
📦 备份配置文件...
📦 备份配置文件...
✅ 配置文件备份完成
warning: in the working copy of 'backup.log', CRLF will be replaced by LF the next time Git touches it
[main e94ed3e] auto-backup: 2026-02-21 02:00:00
 1 file changed, 11 insertions(+)
To github.com:wcy8822/auto-backup.git
   604f0c1..e94ed3e  main -> main
✅ 备份完成: 2026-02-21 02:00:00

=== 开始备份: 2026-02-22 02:00:01 ===
📦 备份配置文件...
📦 备份配置文件...
✅ 配置文件备份完成
warning: in the working copy of 'backup.log', CRLF will be replaced by LF the next time Git touches it
[main fffd51e] auto-backup: 2026-02-22 02:00:01
 1 file changed, 11 insertions(+)
To github.com:wcy8822/auto-backup.git
   e94ed3e..fffd51e  main -> main
✅ 备份完成: 2026-02-22 02:00:01

=== 开始备份: 2026-02-23 02:00:00 ===
📦 备份配置文件...
📦 备份配置文件...
✅ 配置文件备份完成
